<?xml version="1.0" encoding="UTF-8"?>
<!-- Generated by org.testng.reporters.JUnitReportReporter -->
<testsuite hostname="LAPTOP-TPUJHBBQ" failures="0" tests="3" name="Bankingandgeneralledger.GLBankAccountTest" time="25.745" errors="0" timestamp="2020-10-30T13:12:48 IST" skipped="0">
  <testcase classname="Bankingandgeneralledger.GLBankAccountTest" name="Login" time="0.959"/>
  <system-out/>
  <testcase classname="Bankingandgeneralledger.GLBankAccountTest" name="AddBankAccounts" time="24.459"/>
  <system-out/>
  <testcase classname="Bankingandgeneralledger.GLBankAccountTest" name="Logout" time="0.327"/>
  <system-out/>
</testsuite> <!-- Bankingandgeneralledger.GLBankAccountTest -->
