<?xml version="1.0" encoding="UTF-8"?>
<!-- Generated by org.testng.reporters.JUnitReportReporter -->
<testsuite hostname="LAPTOP-TPUJHBBQ" failures="0" tests="3" name="Bankingandgeneralledger.GLAccountgroupTest" time="23.355" errors="0" timestamp="2020-10-21T14:21:58 IST" skipped="0">
  <testcase classname="Bankingandgeneralledger.GLAccountgroupTest" name="Login" time="1.216"/>
  <system-out/>
  <testcase classname="Bankingandgeneralledger.GLAccountgroupTest" name="Accountgroups" time="21.422"/>
  <system-out/>
  <testcase classname="Bankingandgeneralledger.GLAccountgroupTest" name="Logout" time="0.717"/>
  <system-out/>
</testsuite> <!-- Bankingandgeneralledger.GLAccountgroupTest -->
