<?xml version="1.0" encoding="UTF-8"?>
<!-- Generated by org.testng.reporters.JUnitReportReporter -->
<testsuite hostname="LAPTOP-TPUJHBBQ" failures="0" tests="3" name="inventory.UnitsMeasureTest" time="7.201" errors="0" timestamp="2020-10-20T15:52:35 IST" skipped="0">
  <testcase classname="inventory.UnitsMeasureTest" name="Login" time="0.902"/>
  <system-out/>
  <testcase classname="inventory.UnitsMeasureTest" name="AddUnitofMeasure" time="6.007"/>
  <system-out/>
  <testcase classname="inventory.UnitsMeasureTest" name="Logout" time="0.292"/>
  <system-out/>
</testsuite> <!-- inventory.UnitsMeasureTest -->
