<?xml version="1.0" encoding="UTF-8"?>
<!-- Generated by org.testng.reporters.JUnitReportReporter -->
<testsuite hostname="LAPTOP-TPUJHBBQ" failures="0" tests="2" name="Bankingandgeneralledger.GLAccountTest" time="13.069" errors="0" timestamp="2020-10-20T14:44:50 IST" skipped="0">
  <testcase classname="Bankingandgeneralledger.GLAccountTest" name="login" time="2.037"/>
  <system-out/>
  <testcase classname="Bankingandgeneralledger.GLAccountTest" name="AddGLAccount" time="11.032"/>
  <system-out/>
</testsuite> <!-- Bankingandgeneralledger.GLAccountTest -->
