<?xml version="1.0" encoding="UTF-8"?>
<!-- Generated by org.testng.reporters.JUnitReportReporter -->
<testsuite hostname="LAPTOP-TPUJHBBQ" failures="0" tests="3" name="inventory.InventoryLocationsTest" time="11.686" errors="0" timestamp="2020-10-15T15:34:33 IST" skipped="0">
  <testcase classname="inventory.InventoryLocationsTest" name="Login" time="3.868"/>
  <system-out/>
  <testcase classname="inventory.InventoryLocationsTest" name="Inventorylocation" time="7.435"/>
  <system-out/>
  <testcase classname="inventory.InventoryLocationsTest" name="Logout" time="0.383"/>
  <system-out/>
</testsuite> <!-- inventory.InventoryLocationsTest -->
