<?xml version="1.0" encoding="UTF-8"?>
<!-- Generated by org.testng.reporters.JUnitReportReporter -->
<testsuite hostname="LAPTOP-TPUJHBBQ" failures="0" tests="3" name="inventory.InventoryLocationsTest" time="11.742" errors="0" timestamp="2020-10-15T19:14:50 IST" skipped="0">
  <testcase classname="inventory.InventoryLocationsTest" name="Login" time="3.712"/>
  <system-out/>
  <testcase classname="inventory.InventoryLocationsTest" name="Inventorylocation" time="7.709"/>
  <system-out/>
  <testcase classname="inventory.InventoryLocationsTest" name="Logout" time="0.321"/>
  <system-out/>
</testsuite> <!-- inventory.InventoryLocationsTest -->
