<?xml version="1.0" encoding="UTF-8"?>
<!-- Generated by org.testng.reporters.JUnitReportReporter -->
<testsuite hostname="LAPTOP-TPUJHBBQ" failures="0" tests="3" name="salespack.SalesAreasTest" time="14.229" errors="0" timestamp="2020-10-15T19:14:50 IST" skipped="0">
  <testcase classname="salespack.SalesAreasTest" name="Login" time="3.824"/>
  <system-out/>
  <testcase classname="salespack.SalesAreasTest" name="SalesArea" time="9.858"/>
  <system-out/>
  <testcase classname="salespack.SalesAreasTest" name="Logout" time="0.547"/>
  <system-out/>
</testsuite> <!-- salespack.SalesAreasTest -->
