<?xml version="1.0" encoding="UTF-8"?>
<!-- Generated by org.testng.reporters.JUnitReportReporter -->
<testsuite hostname="LAPTOP-TPUJHBBQ" failures="0" tests="3" name="salespack.SalespersonTest" time="7.713" errors="0" timestamp="2020-10-20T15:52:35 IST" skipped="0">
  <testcase classname="salespack.SalespersonTest" name="Login" time="1.678"/>
  <system-out/>
  <testcase classname="salespack.SalespersonTest" name="AddSalesPersons" time="5.520"/>
  <system-out/>
  <testcase classname="salespack.SalespersonTest" name="Logout" time="0.515"/>
  <system-out/>
</testsuite> <!-- salespack.SalespersonTest -->
