<?xml version="1.0" encoding="UTF-8"?>
<!-- Generated by org.testng.reporters.JUnitReportReporter -->
<testsuite hostname="LAPTOP-TPUJHBBQ" failures="0" tests="3" name="inventory.UnitsMeasureTest" time="7.544" errors="0" timestamp="2020-10-15T19:14:50 IST" skipped="0">
  <testcase classname="inventory.UnitsMeasureTest" name="Login" time="1.223"/>
  <system-out/>
  <testcase classname="inventory.UnitsMeasureTest" name="AddUnitofMeasure" time="5.672"/>
  <system-out/>
  <testcase classname="inventory.UnitsMeasureTest" name="Logout" time="0.649"/>
  <system-out/>
</testsuite> <!-- inventory.UnitsMeasureTest -->
