<?xml version="1.0" encoding="UTF-8"?>
<!-- Generated by org.testng.reporters.JUnitReportReporter -->
<testsuite hostname="LAPTOP-TPUJHBBQ" failures="0" tests="3" name="Bankingandgeneralledger.GLAccountclassTest" time="9.073" errors="0" timestamp="2020-10-21T15:20:20 IST" skipped="0">
  <testcase classname="Bankingandgeneralledger.GLAccountclassTest" name="Login" time="1.375"/>
  <system-out/>
  <testcase classname="Bankingandgeneralledger.GLAccountclassTest" name="AddGLAccountclasses" time="7.366"/>
  <system-out/>
  <testcase classname="Bankingandgeneralledger.GLAccountclassTest" name="Logout" time="0.332"/>
  <system-out/>
</testsuite> <!-- Bankingandgeneralledger.GLAccountclassTest -->
