<?xml version="1.0" encoding="UTF-8"?>
<!-- Generated by org.testng.reporters.JUnitReportReporter -->
<testsuite hostname="LAPTOP-TPUJHBBQ" failures="0" tests="3" name="salespack.SalesTypeTest" time="18.235" errors="0" timestamp="2020-10-15T15:34:33 IST" skipped="0">
  <testcase classname="salespack.SalesTypeTest" name="Login" time="4.308"/>
  <system-out/>
  <testcase classname="salespack.SalesTypeTest" name="Addsalestype" time="10.425"/>
  <system-out/>
  <testcase classname="salespack.SalesTypeTest" name="Logout" time="3.502"/>
  <system-out/>
</testsuite> <!-- salespack.SalesTypeTest -->
