<?xml version="1.0" encoding="UTF-8"?>
<!-- Generated by org.testng.reporters.JUnitReportReporter -->
<testsuite hostname="LAPTOP-TPUJHBBQ" failures="0" tests="3" name="salespack.SalesAreasTest" time="13.940" errors="0" timestamp="2020-10-15T15:34:33 IST" skipped="0">
  <testcase classname="salespack.SalesAreasTest" name="Login" time="4.025"/>
  <system-out/>
  <testcase classname="salespack.SalesAreasTest" name="SalesArea" time="9.415"/>
  <system-out/>
  <testcase classname="salespack.SalesAreasTest" name="Logout" time="0.500"/>
  <system-out/>
</testsuite> <!-- salespack.SalesAreasTest -->
