<?xml version="1.0" encoding="UTF-8"?>
<!-- Generated by org.testng.reporters.JUnitReportReporter -->
<testsuite hostname="LAPTOP-TPUJHBBQ" failures="0" tests="2" name="fmpack.LoginTest" time="34.413" errors="0" timestamp="2020-10-15T15:34:33 IST" skipped="0">
  <testcase classname="fmpack.LoginTest" name="Login" time="21.306"/>
  <system-out/>
  <testcase classname="fmpack.LoginTest" name="Login" time="13.107"/>
  <system-out/>
</testsuite> <!-- fmpack.LoginTest -->
