<?xml version="1.0" encoding="UTF-8"?>
<!-- Generated by org.testng.reporters.JUnitReportReporter -->
<testsuite hostname="LAPTOP-TPUJHBBQ" failures="0" tests="3" name="inventory.UnitsMeasureTest" time="6.518" errors="0" timestamp="2020-10-15T15:34:33 IST" skipped="0">
  <testcase classname="inventory.UnitsMeasureTest" name="Login" time="0.852"/>
  <system-out/>
  <testcase classname="inventory.UnitsMeasureTest" name="AddUnitofMeasure" time="5.291"/>
  <system-out/>
  <testcase classname="inventory.UnitsMeasureTest" name="Logout" time="0.375"/>
  <system-out/>
</testsuite> <!-- inventory.UnitsMeasureTest -->
