<?xml version="1.0" encoding="UTF-8"?>
<!-- Generated by org.testng.reporters.JUnitReportReporter -->
<testsuite hostname="LAPTOP-TPUJHBBQ" failures="0" tests="3" name="salespack.SalesTypeTest" time="20.286" errors="0" timestamp="2020-10-15T19:14:50 IST" skipped="0">
  <testcase classname="salespack.SalesTypeTest" name="Login" time="4.083"/>
  <system-out/>
  <testcase classname="salespack.SalesTypeTest" name="Addsalestype" time="11.913"/>
  <system-out/>
  <testcase classname="salespack.SalesTypeTest" name="Logout" time="4.290"/>
  <system-out/>
</testsuite> <!-- salespack.SalesTypeTest -->
