<?xml version="1.0" encoding="UTF-8"?>
<!-- Generated by org.testng.reporters.JUnitReportReporter -->
<testsuite hostname="LAPTOP-TPUJHBBQ" failures="0" tests="3" name="salespack.SalesTypeTest" time="17.828" errors="0" timestamp="2020-10-20T15:52:35 IST" skipped="0">
  <testcase classname="salespack.SalesTypeTest" name="Login" time="4.288"/>
  <system-out/>
  <testcase classname="salespack.SalesTypeTest" name="Addsalestype" time="10.105"/>
  <system-out/>
  <testcase classname="salespack.SalesTypeTest" name="Logout" time="3.435"/>
  <system-out/>
</testsuite> <!-- salespack.SalesTypeTest -->
