<?xml version="1.0" encoding="UTF-8"?>
<!-- Generated by org.testng.reporters.JUnitReportReporter -->
<testsuite hostname="LAPTOP-TPUJHBBQ" failures="0" tests="2" name="fmpack.LoginTest" time="35.154" errors="0" timestamp="2020-10-15T19:14:50 IST" skipped="0">
  <testcase classname="fmpack.LoginTest" name="Login" time="13.341"/>
  <system-out/>
  <testcase classname="fmpack.LoginTest" name="Login" time="21.813"/>
  <system-out/>
</testsuite> <!-- fmpack.LoginTest -->
