<?xml version="1.0" encoding="UTF-8"?>
<!-- Generated by org.testng.reporters.JUnitReportReporter -->
<testsuite hostname="LAPTOP-TPUJHBBQ" failures="0" tests="2" name="fmpack.LoginTest" time="35.440" errors="0" timestamp="2020-10-20T15:52:35 IST" skipped="0">
  <testcase classname="fmpack.LoginTest" name="Login" time="23.488"/>
  <system-out/>
  <testcase classname="fmpack.LoginTest" name="Login" time="11.952"/>
  <system-out/>
</testsuite> <!-- fmpack.LoginTest -->
