<?xml version="1.0" encoding="UTF-8"?>
<!-- Generated by org.testng.reporters.JUnitReportReporter -->
<testsuite hostname="LAPTOP-TPUJHBBQ" failures="0" tests="3" name="inventory.InventoryLocationsTest" time="15.918" errors="0" timestamp="2020-10-21T15:26:22 IST" skipped="0">
  <testcase classname="inventory.InventoryLocationsTest" name="Login" time="3.704"/>
  <system-out/>
  <testcase classname="inventory.InventoryLocationsTest" name="Inventorylocation" time="11.654"/>
  <system-out/>
  <testcase classname="inventory.InventoryLocationsTest" name="Logout" time="0.560"/>
  <system-out/>
</testsuite> <!-- inventory.InventoryLocationsTest -->
