<?xml version="1.0" encoding="UTF-8"?>
<!-- Generated by org.testng.reporters.JUnitReportReporter -->
<testsuite hostname="LAPTOP-TPUJHBBQ" failures="0" tests="3" name="salespack.SalespersonTest" time="8.478" errors="0" timestamp="2020-10-20T16:10:49 IST" skipped="0">
  <testcase classname="salespack.SalespersonTest" name="Login" time="1.521"/>
  <system-out/>
  <testcase classname="salespack.SalespersonTest" name="AddSalesPersons" time="6.594"/>
  <system-out/>
  <testcase classname="salespack.SalespersonTest" name="Logout" time="0.363"/>
  <system-out/>
</testsuite> <!-- salespack.SalespersonTest -->
