<?xml version="1.0" encoding="UTF-8"?>
<!-- Generated by org.testng.reporters.JUnitReportReporter -->
<testsuite hostname="LAPTOP-TPUJHBBQ" failures="0" tests="2" name="fmpack.LoginTest" time="40.505" errors="0" timestamp="2020-10-21T15:26:22 IST" skipped="0">
  <testcase classname="fmpack.LoginTest" name="Login" time="23.322"/>
  <system-out/>
  <testcase classname="fmpack.LoginTest" name="Login" time="17.183"/>
  <system-out/>
</testsuite> <!-- fmpack.LoginTest -->
