<?xml version="1.0" encoding="UTF-8"?>
<!-- Generated by org.testng.reporters.JUnitReportReporter -->
<testsuite hostname="LAPTOP-TPUJHBBQ" failures="0" tests="3" name="inventory.InventoryLocationsTest" time="12.228" errors="0" timestamp="2020-10-15T20:20:11 IST" skipped="0">
  <testcase classname="inventory.InventoryLocationsTest" name="Login" time="3.148"/>
  <system-out/>
  <testcase classname="inventory.InventoryLocationsTest" name="Inventorylocation" time="8.516"/>
  <system-out/>
  <testcase classname="inventory.InventoryLocationsTest" name="Logout" time="0.564"/>
  <system-out/>
</testsuite> <!-- inventory.InventoryLocationsTest -->
