<?xml version="1.0" encoding="UTF-8"?>
<!-- Generated by org.testng.reporters.JUnitReportReporter -->
<testsuite hostname="LAPTOP-TPUJHBBQ" failures="0" tests="3" name="inventory.InventoryLocationsTest" time="11.202" errors="0" timestamp="2020-10-20T16:10:49 IST" skipped="0">
  <testcase classname="inventory.InventoryLocationsTest" name="Login" time="3.090"/>
  <system-out/>
  <testcase classname="inventory.InventoryLocationsTest" name="Inventorylocation" time="7.572"/>
  <system-out/>
  <testcase classname="inventory.InventoryLocationsTest" name="Logout" time="0.540"/>
  <system-out/>
</testsuite> <!-- inventory.InventoryLocationsTest -->
