<?xml version="1.0" encoding="UTF-8"?>
<!-- Generated by org.testng.reporters.JUnitReportReporter -->
<testsuite hostname="LAPTOP-TPUJHBBQ" failures="0" tests="3" name="salespack.SalesAreasTest" time="15.050" errors="0" timestamp="2020-10-21T15:26:22 IST" skipped="0">
  <testcase classname="salespack.SalesAreasTest" name="Login" time="4.721"/>
  <system-out/>
  <testcase classname="salespack.SalesAreasTest" name="SalesArea" time="9.552"/>
  <system-out/>
  <testcase classname="salespack.SalesAreasTest" name="Logout" time="0.777"/>
  <system-out/>
</testsuite> <!-- salespack.SalesAreasTest -->
