<?xml version="1.0" encoding="UTF-8"?>
<!-- Generated by org.testng.reporters.JUnitReportReporter -->
<testsuite hostname="LAPTOP-TPUJHBBQ" failures="0" tests="3" name="inventory.UnitsMeasureTest" time="7.435" errors="0" timestamp="2020-10-20T16:10:49 IST" skipped="0">
  <testcase classname="inventory.UnitsMeasureTest" name="Login" time="1.533"/>
  <system-out/>
  <testcase classname="inventory.UnitsMeasureTest" name="AddUnitofMeasure" time="5.294"/>
  <system-out/>
  <testcase classname="inventory.UnitsMeasureTest" name="Logout" time="0.608"/>
  <system-out/>
</testsuite> <!-- inventory.UnitsMeasureTest -->
