<?xml version="1.0" encoding="UTF-8"?>
<!-- Generated by org.testng.reporters.JUnitReportReporter -->
<testsuite hostname="LAPTOP-TPUJHBBQ" failures="0" tests="3" name="salespack.SalesTypeTest" time="22.899" errors="0" timestamp="2020-10-21T15:26:22 IST" skipped="0">
  <testcase classname="salespack.SalesTypeTest" name="Login" time="8.059"/>
  <system-out/>
  <testcase classname="salespack.SalesTypeTest" name="Addsalestype" time="11.239"/>
  <system-out/>
  <testcase classname="salespack.SalesTypeTest" name="Logout" time="3.601"/>
  <system-out/>
</testsuite> <!-- salespack.SalesTypeTest -->
