<?xml version="1.0" encoding="UTF-8"?>
<!-- Generated by org.testng.reporters.JUnitReportReporter -->
<testsuite hostname="LAPTOP-TPUJHBBQ" failures="0" tests="3" name="salespack.SalespersonTest" time="8.786" errors="0" timestamp="2020-10-21T15:26:22 IST" skipped="0">
  <testcase classname="salespack.SalespersonTest" name="Login" time="1.530"/>
  <system-out/>
  <testcase classname="salespack.SalespersonTest" name="AddSalesPersons" time="6.538"/>
  <system-out/>
  <testcase classname="salespack.SalespersonTest" name="Logout" time="0.718"/>
  <system-out/>
</testsuite> <!-- salespack.SalespersonTest -->
