<?xml version="1.0" encoding="UTF-8"?>
<!-- Generated by org.testng.reporters.JUnitReportReporter -->
<testsuite hostname="LAPTOP-TPUJHBBQ" failures="0" tests="3" name="salespack.SalesAreasTest" time="14.223" errors="0" timestamp="2020-10-15T20:20:11 IST" skipped="0">
  <testcase classname="salespack.SalesAreasTest" name="Login" time="4.068"/>
  <system-out/>
  <testcase classname="salespack.SalesAreasTest" name="SalesArea" time="9.393"/>
  <system-out/>
  <testcase classname="salespack.SalesAreasTest" name="Logout" time="0.762"/>
  <system-out/>
</testsuite> <!-- salespack.SalesAreasTest -->
