<?xml version="1.0" encoding="UTF-8"?>
<!-- Generated by org.testng.reporters.JUnitReportReporter -->
<testsuite hostname="LAPTOP-TPUJHBBQ" failures="0" tests="2" name="fmpack.LoginTest" time="36.109" errors="0" timestamp="2020-10-20T16:10:49 IST" skipped="0">
  <testcase classname="fmpack.LoginTest" name="Login" time="14.212"/>
  <system-out/>
  <testcase classname="fmpack.LoginTest" name="Login" time="21.897"/>
  <system-out/>
</testsuite> <!-- fmpack.LoginTest -->
