<?xml version="1.0" encoding="UTF-8"?>
<!-- Generated by org.testng.reporters.JUnitReportReporter -->
<testsuite hostname="LAPTOP-TPUJHBBQ" failures="0" tests="2" name="fmpack.LoginTest" time="34.681" errors="0" timestamp="2020-10-15T20:20:11 IST" skipped="0">
  <testcase classname="fmpack.LoginTest" name="Login" time="21.777"/>
  <system-out/>
  <testcase classname="fmpack.LoginTest" name="Login" time="12.904"/>
  <system-out/>
</testsuite> <!-- fmpack.LoginTest -->
