<?xml version="1.0" encoding="UTF-8"?>
<!-- Generated by org.testng.reporters.JUnitReportReporter -->
<testsuite hostname="LAPTOP-TPUJHBBQ" failures="0" tests="3" name="salespack.SalesTypeTest" time="19.317" errors="0" timestamp="2020-10-15T20:20:11 IST" skipped="0">
  <testcase classname="salespack.SalesTypeTest" name="Login" time="3.980"/>
  <system-out/>
  <testcase classname="salespack.SalesTypeTest" name="Addsalestype" time="11.805"/>
  <system-out/>
  <testcase classname="salespack.SalesTypeTest" name="Logout" time="3.532"/>
  <system-out/>
</testsuite> <!-- salespack.SalesTypeTest -->
