<?xml version="1.0" encoding="UTF-8"?>
<!-- Generated by org.testng.reporters.JUnitReportReporter -->
<testsuite hostname="LAPTOP-TPUJHBBQ" failures="0" tests="3" name="salespack.SalespersonTest" time="7.686" errors="0" timestamp="2020-10-15T20:20:11 IST" skipped="0">
  <testcase classname="salespack.SalespersonTest" name="Login" time="1.024"/>
  <system-out/>
  <testcase classname="salespack.SalespersonTest" name="AddSalesPersons" time="5.885"/>
  <system-out/>
  <testcase classname="salespack.SalespersonTest" name="Logout" time="0.777"/>
  <system-out/>
</testsuite> <!-- salespack.SalespersonTest -->
